==16442== Memcheck, a memory error detector
==16442== Copyright (C) 2002-2017, and GNU GPL'd, by Julian Seward et al.
==16442== Using Valgrind-3.18.1 and LibVEX; rerun with -h for copyright info
==16442== Command: ./ft_ping google.com
==16442== Parent PID: 16441
==16442== 
==16442== Syscall param socketcall.sendto(msg) points to uninitialised byte(s)
==16442==    at 0x4991BBA: sendto (sendto.c:27)
==16442==    by 0x109471: send_ping (in /home/billy/Desktop/Gnip/ft_ping)
==16442==    by 0x10935E: main (in /home/billy/Desktop/Gnip/ft_ping)
==16442==  Address 0x1fff0001e2 is on thread 1's stack
==16442==  in frame #1, created by send_ping (???:)
==16442== 
==16442== 
==16442== HEAP SUMMARY:
==16442==     in use at exit: 0 bytes in 0 blocks
==16442==   total heap usage: 235 allocs, 235 frees, 42,568 bytes allocated
==16442== 
==16442== All heap blocks were freed -- no leaks are possible
==16442== 
==16442== Use --track-origins=yes to see where uninitialised values come from
==16442== For lists of detected and suppressed errors, rerun with: -s
==16442== ERROR SUMMARY: 4 errors from 1 contexts (suppressed: 0 from 0)
